<?xml version="1.0" encoding="UTF-8"?>
<!-- Generated by org.testng.reporters.JUnitReportReporter -->
<testsuite hostname="Sul_Ferdous" failures="0" tests="1" name="packageTestNGDemo.CreateLeadTestNG" time="26.614" errors="0" timestamp="2022-12-17T16:38:58 EST" skipped="0">
  <testcase classname="packageTestNGDemo.CreateLeadTestNG" name="createLead" time="26.614"/>
  <system-out/>
</testsuite> <!-- packageTestNGDemo.CreateLeadTestNG -->
