<?xml version="1.0" encoding="UTF-8"?>
<!-- Generated by org.testng.reporters.JUnitReportReporter -->
<testsuite hostname="Sul_Ferdous" failures="0" tests="1" name="com.testleaf.testcase.RunnerClass" time="21.929" errors="0" timestamp="2022-12-12T21:52:04 EST" skipped="0">
  <testcase classname="com.testleaf.testcase.RunnerClass" name="testLoginFunctionality" time="21.929"/>
  <system-out/>
</testsuite> <!-- com.testleaf.testcase.RunnerClass -->
