<?xml version="1.0" encoding="UTF-8"?>
<!-- Generated by org.testng.reporters.JUnitReportReporter -->
<testsuite hostname="Sul_Ferdous" failures="0" tests="1" name="seliniumDemo.CreateLead" time="0.009" errors="0" timestamp="2022-12-10T16:44:59 EST" skipped="0">
  <testcase classname="seliniumDemo.CreateLead" name="createLead" time="0.009"/>
  <system-out/>
</testsuite> <!-- seliniumDemo.CreateLead -->
